#
# An unexpected error has been detected by Java Runtime Environment:
#
#  EXCEPTION_ACCESS_VIOLATION (0xc0000005) at pc=0x76ca9f98, pid=6020, tid=7364
#
# Java VM: Java HotSpot(TM) Client VM (1.6.0-rc-b104 mixed mode, sharing)
# Problematic frame:
# C  [SHLWAPI.dll+0x19f98]
#
# If you would like to submit a bug report, please visit:
#   http://java.sun.com/webapps/bugreport/crash.jsp
#

---------------  T H R E A D  ---------------

Current thread (0x018d8000):  JavaThread "Thread-3" [_thread_in_native, id=7364]

siginfo: ExceptionCode=0xc0000005, reading address 0x00660074

Registers:
EAX=0x00660074, EBX=0x00000000, ECX=0x0026ef18, EDX=0x00000000
ESP=0x0598f14c, EBP=0x0598f158, ESI=0x80004005, EDI=0x00000000
EIP=0x76ca9f98, EFLAGS=0x00010206

Top of Stack: (sp=0x0598f14c)
0x0598f14c:   04c062c8 0026ef18 2d1f643b 0598f168
0x0598f15c:   760d9ebb 00660074 00281998 0598f184
0x0598f16c:   760d4bc6 04c062b8 00000000 002819a4
0x0598f17c:   00281840 00000000 0598f5c8 760c3453
0x0598f18c:   00000000 0033dd08 0033dce0 00000000
0x0598f19c:   00281998 0000087c 77b2d74d 00798e88
0x0598f1ac:   fffffffe 77b6349f 00650044 006b0073
0x0598f1bc:   006f0074 005c0070 0061004e 0065006d 

Instructions: (pc=0x76ca9f98)
0x76ca9f88:   89 45 fc 8b 45 08 56 be 05 40 00 80 85 c0 74 28
0x76ca9f98:   8b 08 8d 55 f8 52 68 d4 9f ca 76 50 ff 11 8b f0 


Stack: [0x05940000,0x05990000),  sp=0x0598f14c,  free space=316k
Native frames: (J=compiled Java code, j=interpreted, Vv=VM code, C=native code)
C  [SHLWAPI.dll+0x19f98]
C  [shell32.dll+0x99ebb]
C  [shell32.dll+0x94bc6]
C  [shell32.dll+0x83453]
C  [shell32.dll+0x3864e]
C  [shell32.dll+0x6c83e]
C  [awt.dll+0x137669]
j  sun.awt.shell.Win32ShellFolder2.getEnumObjects(JZ)J+33
j  sun.awt.shell.Win32ShellFolder2.listFiles(Z)[Ljava/io/File;+60
j  sun.awt.shell.ShellFolder.listFiles()[Ljava/io/File;+2
j  sun.awt.shell.Win32ShellFolderManager2.get(Ljava/lang/String;)Ljava/lang/Object;+115
j  sun.awt.shell.ShellFolder.get(Ljava/lang/String;)Ljava/lang/Object;+4
j  com.sun.java.swing.plaf.windows.WindowsFileChooserUI.updateUseShellFolder()V+55
j  com.sun.java.swing.plaf.windows.WindowsFileChooserUI.installComponents(Ljavax/swing/JFileChooser;)V+67
j  javax.swing.plaf.basic.BasicFileChooserUI.installUI(Ljavax/swing/JComponent;)V+47
j  com.sun.java.swing.plaf.windows.WindowsFileChooserUI.installUI(Ljavax/swing/JComponent;)V+2
j  javax.swing.JComponent.setUI(Ljavax/swing/plaf/ComponentUI;)V+135
j  javax.swing.JFileChooser.updateUI()V+40
j  javax.swing.JFileChooser.setup(Ljavax/swing/filechooser/FileSystemView;)V+18
j  javax.swing.JFileChooser.<init>(Ljava/io/File;Ljavax/swing/filechooser/FileSystemView;)V+133
j  javax.swing.JFileChooser.<init>()V+9
j  SendImage$recv.<init>(LSendImage;)V+22
j  SendImage.run()V+5
j  java.lang.Thread.run()V+11
v  ~StubRoutines::call_stub

Java frames: (J=compiled Java code, j=interpreted, Vv=VM code)
j  sun.awt.shell.Win32ShellFolder2.getEnumObjects(JZZ)J+0
j  sun.awt.shell.Win32ShellFolder2.getEnumObjects(JZ)J+33
j  sun.awt.shell.Win32ShellFolder2.listFiles(Z)[Ljava/io/File;+60
j  sun.awt.shell.ShellFolder.listFiles()[Ljava/io/File;+2
j  sun.awt.shell.Win32ShellFolderManager2.get(Ljava/lang/String;)Ljava/lang/Object;+115
j  sun.awt.shell.ShellFolder.get(Ljava/lang/String;)Ljava/lang/Object;+4
j  com.sun.java.swing.plaf.windows.WindowsFileChooserUI.updateUseShellFolder()V+55
j  com.sun.java.swing.plaf.windows.WindowsFileChooserUI.installComponents(Ljavax/swing/JFileChooser;)V+67
j  javax.swing.plaf.basic.BasicFileChooserUI.installUI(Ljavax/swing/JComponent;)V+47
j  com.sun.java.swing.plaf.windows.WindowsFileChooserUI.installUI(Ljavax/swing/JComponent;)V+2
j  javax.swing.JComponent.setUI(Ljavax/swing/plaf/ComponentUI;)V+135
j  javax.swing.JFileChooser.updateUI()V+40
j  javax.swing.JFileChooser.setup(Ljavax/swing/filechooser/FileSystemView;)V+18
j  javax.swing.JFileChooser.<init>(Ljava/io/File;Ljavax/swing/filechooser/FileSystemView;)V+133
j  javax.swing.JFileChooser.<init>()V+9
j  SendImage$recv.<init>(LSendImage;)V+22
j  SendImage.run()V+5
j  java.lang.Thread.run()V+11
v  ~StubRoutines::call_stub

---------------  P R O C E S S  ---------------

Java Threads: ( => current thread )
  0x018d8800 JavaThread "Image Fetcher 0" daemon [_thread_blocked, id=6168]
=>0x018d8000 JavaThread "Thread-3" [_thread_in_native, id=7364]
  0x044aa000 JavaThread "TimerQueue" daemon [_thread_blocked, id=6332]
  0x01a27000 JavaThread "DestroyJavaVM" [_thread_blocked, id=5900]
  0x0195f800 JavaThread "AWT-EventQueue-0" [_thread_in_vm, id=3508]
  0x01930400 JavaThread "AWT-Windows" daemon [_thread_in_native, id=7140]
  0x01930000 JavaThread "AWT-Shutdown" [_thread_blocked, id=7444]
  0x0192f800 JavaThread "Java2D Disposer" daemon [_thread_blocked, id=3880]
  0x018b8c00 JavaThread "Low Memory Detector" daemon [_thread_blocked, id=7388]
  0x018b6000 JavaThread "CompilerThread0" daemon [_thread_blocked, id=5956]
  0x018b2400 JavaThread "Attach Listener" daemon [_thread_blocked, id=7772]
  0x018b2000 JavaThread "Signal Dispatcher" daemon [_thread_blocked, id=5420]
  0x018a8000 JavaThread "Finalizer" daemon [_thread_blocked, id=6596]
  0x0189f400 JavaThread "Reference Handler" daemon [_thread_blocked, id=2704]

Other Threads:
  0x01896000 VMThread [id=4120]
  0x018b9c00 WatcherThread [id=8096]

VM state:not at safepoint (normal execution)

VM Mutex/Monitor currently owned by a thread: None

Heap
 def new generation   total 960K, used 725K [0x23ad0000, 0x23bd0000, 0x23fb0000)
  eden space 896K,  73% used [0x23ad0000, 0x23b755b8, 0x23bb0000)
  from space 64K,  99% used [0x23bc0000, 0x23bcfe50, 0x23bd0000)
  to   space 64K,   0% used [0x23bb0000, 0x23bb0000, 0x23bc0000)
 tenured generation   total 4096K, used 3911K [0x23fb0000, 0x243b0000, 0x27ad0000)
   the space 4096K,  95% used [0x23fb0000, 0x24381e80, 0x24382000, 0x243b0000)
 compacting perm gen  total 12288K, used 920K [0x27ad0000, 0x286d0000, 0x2bad0000)
   the space 12288K,   7% used [0x27ad0000, 0x27bb6510, 0x27bb6600, 0x286d0000)
    ro space 8192K,  62% used [0x2bad0000, 0x2bfcb9f8, 0x2bfcba00, 0x2c2d0000)
    rw space 12288K,  52% used [0x2c2d0000, 0x2c90e348, 0x2c90e400, 0x2ced0000)

Dynamic libraries:
0x00400000 - 0x00423000 	C:\Program Files\Java\jre1.6.0\bin\javaw.exe
0x77b10000 - 0x77c4c000 	C:\Windows\SYSTEM32\ntdll.dll
0x643a0000 - 0x643b0000 	C:\Program Files\AVAST Software\Avast\aswhook.dll
0x75f60000 - 0x76034000 	C:\Windows\system32\kernel32.dll
0x75e30000 - 0x75e7a000 	C:\Windows\system32\KERNELBASE.dll
0x77240000 - 0x772e0000 	C:\Windows\system32\ADVAPI32.dll
0x77770000 - 0x7781c000 	C:\Windows\system32\msvcrt.dll
0x77080000 - 0x77099000 	C:\Windows\SYSTEM32\sechost.dll
0x77870000 - 0x77911000 	C:\Windows\system32\RPCRT4.dll
0x776a0000 - 0x77769000 	C:\Windows\system32\USER32.dll
0x77820000 - 0x7786e000 	C:\Windows\system32\GDI32.dll
0x77c60000 - 0x77c6a000 	C:\Windows\system32\LPK.dll
0x76fe0000 - 0x7707d000 	C:\Windows\system32\USP10.dll
0x76fc0000 - 0x76fdf000 	C:\Windows\system32\IMM32.DLL
0x772e0000 - 0x773ac000 	C:\Windows\system32\MSCTF.dll
0x7c340000 - 0x7c396000 	C:\Program Files\Java\jre1.6.0\bin\msvcr71.dll
0x6d7c0000 - 0x6da07000 	C:\Program Files\Java\jre1.6.0\bin\client\jvm.dll
0x74160000 - 0x74192000 	C:\Windows\system32\WINMM.dll
0x75b60000 - 0x75bab000 	C:\Windows\system32\apphelp.dll
0x6d310000 - 0x6d318000 	C:\Program Files\Java\jre1.6.0\bin\hpi.dll
0x773b0000 - 0x773b5000 	C:\Windows\system32\PSAPI.DLL
0x6d770000 - 0x6d77c000 	C:\Program Files\Java\jre1.6.0\bin\verify.dll
0x6d3b0000 - 0x6d3cf000 	C:\Program Files\Java\jre1.6.0\bin\java.dll
0x6d7b0000 - 0x6d7bf000 	C:\Program Files\Java\jre1.6.0\bin\zip.dll
0x6d000000 - 0x6d1c3000 	C:\Program Files\Java\jre1.6.0\bin\awt.dll
0x6ec20000 - 0x6ec71000 	C:\Windows\system32\WINSPOOL.DRV
0x779b0000 - 0x77b0c000 	C:\Windows\system32\ole32.dll
0x74940000 - 0x74980000 	C:\Windows\system32\uxtheme.dll
0x6d2b0000 - 0x6d303000 	C:\Program Files\Java\jre1.6.0\bin\fontmanager.dll
0x740c0000 - 0x740d3000 	C:\Windows\system32\dwmapi.dll
0x75be0000 - 0x75bec000 	C:\Windows\system32\CRYPTBASE.dll
0x76040000 - 0x76c89000 	C:\Windows\system32\shell32.dll
0x76c90000 - 0x76ce7000 	C:\Windows\system32\SHLWAPI.dll
0x75eb0000 - 0x75f34000 	C:\Windows\WinSxS\x86_microsoft.windows.common-controls_6595b64144ccf1df_5.82.7600.16385_none_ebf82fc36c758ad5\comctl32.dll
0x749a0000 - 0x74b3e000 	C:\Windows\WinSxS\x86_microsoft.windows.common-controls_6595b64144ccf1df_6.0.7600.16385_none_421189da2b7fabfc\comctl32.dll
0x77920000 - 0x779af000 	C:\Windows\system32\OLEAUT32.dll
0x76ef0000 - 0x76f73000 	C:\Windows\system32\CLBCatQ.DLL
0x770a0000 - 0x7723d000 	C:\Windows\system32\SETUPAPI.dll
0x75e80000 - 0x75ea7000 	C:\Windows\system32\CFGMGR32.dll
0x75f40000 - 0x75f52000 	C:\Windows\system32\DEVOBJ.dll
0x74b40000 - 0x74c35000 	C:\Windows\system32\propsys.dll
0x704c0000 - 0x704e1000 	C:\Windows\system32\ntmarta.dll
0x77c70000 - 0x77cb5000 	C:\Windows\system32\WLDAP32.dll
0x74480000 - 0x7448a000 	C:\Windows\system32\slc.dll
0x6b3c0000 - 0x6b558000 	C:\Windows\system32\NetworkExplorer.dll
0x6fb00000 - 0x6fb12000 	C:\Windows\system32\MPR.dll
0x56530000 - 0x56538000 	C:\Windows\System32\drprov.dll
0x75bb0000 - 0x75bd9000 	C:\Windows\System32\WINSTA.dll
0x56510000 - 0x56524000 	C:\Windows\System32\ntlanman.dll
0x531e0000 - 0x531f6000 	C:\Windows\System32\davclnt.dll
0x555e0000 - 0x555e8000 	C:\Windows\System32\DAVHLPR.dll
0x73e50000 - 0x73e5f000 	C:\Windows\system32\wkscli.dll
0x6d4b0000 - 0x6d4bb000 	C:\Windows\system32\cscapi.dll
0x73e60000 - 0x73e69000 	C:\Windows\system32\netutils.dll
0x6c350000 - 0x6c359000 	C:\Windows\system32\LINKINFO.dll
0x6c360000 - 0x6c38e000 	C:\Windows\System32\shdocvw.dll
0x75c60000 - 0x75c6b000 	C:\Windows\system32\profapi.dll
0x6d570000 - 0x6d583000 	C:\Program Files\Java\jre1.6.0\bin\net.dll
0x76f80000 - 0x76fb5000 	C:\Windows\system32\WS2_32.dll
0x773c0000 - 0x773c6000 	C:\Windows\system32\NSI.dll
0x756a0000 - 0x756dc000 	C:\Windows\system32\mswsock.dll
0x75690000 - 0x75696000 	C:\Windows\System32\wship6.dll
0x6d590000 - 0x6d599000 	C:\Program Files\Java\jre1.6.0\bin\nio.dll
0x751f0000 - 0x751f5000 	C:\Windows\System32\wshtcpip.dll

VM Arguments:
jvm_args: -Dfile.encoding=Cp1252
java_command: SendImage
Launcher Type: SUN_STANDARD

Environment Variables:
OS=Windows_NT
PROCESSOR_IDENTIFIER=x86 Family 6 Model 58 Stepping 9, GenuineIntel



---------------  S Y S T E M  ---------------

OS: Windows NT 6.1 Build 7600 

CPU:total 4 family 6, cmov, cx8, fxsr, mmx, sse, sse2

Memory: 4k page, physical 2097151k(879616k free), swap 4194303k(4194303k free)

vm_info: Java HotSpot(TM) Client VM (1.6.0-rc-b104) for windows-x86, built on Nov  1 2006 00:43:22 by "java_re" with unknown MS VC++:1310

