#
# An unexpected error has been detected by Java Runtime Environment:
#
#  EXCEPTION_ACCESS_VIOLATION (0xc0000005) at pc=0x77b65668, pid=7640, tid=2228
#
# Java VM: Java HotSpot(TM) Client VM (1.6.0-rc-b104 mixed mode, sharing)
# Problematic frame:
# C  [ntdll.dll+0x55668]
#
# If you would like to submit a bug report, please visit:
#   http://java.sun.com/webapps/bugreport/crash.jsp
#

---------------  T H R E A D  ---------------

Current thread (0x0462f400):  JavaThread "Thread-2" [_thread_in_native, id=2228]

siginfo: ExceptionCode=0xc0000005, reading address 0x41b221cb

Registers:
EAX=0x0023c128, EBX=0x001e0000, ECX=0x41b221cb, EDX=0xbd7a2e7b
ESP=0x0539ee50, EBP=0x0539ef20, ESI=0x0023c120, EDI=0x00000000
EIP=0x77b65668, EFLAGS=0x00010246

Top of Stack: (sp=0x0539ee50)
0x0539ee50:   72f7a885 75e369b1 001e035c 001e0000
0x0539ee60:   0021c4e8 0021c698 0021c4e8 0539f00c
0x0539ee70:   760b90ff fc3960c8 002271e0 002271e0
0x0539ee80:   0021c698 0024b998 0539eecc 763f8724
0x0539ee90:   00000000 760b90ff 760b90bc 0024b998
0x0539eea0:   0021c4e8 0021c698 0021c4e8 0539f00c
0x0539eeb0:   00000000 fc396084 bd7a2e7b 0021c698
0x0539eec0:   0021c698 0024b998 00000000 0539ef48 

Instructions: (pc=0x77b65668)
0x77b65658:   03 00 8d 46 08 8b 10 89 55 98 8b 4e 0c 89 4d b8
0x77b65668:   8b 09 8b 52 04 3b ca 0f 85 89 27 03 00 3b c8 0f 


Stack: [0x05350000,0x053a0000),  sp=0x0539ee50,  free space=315k
Native frames: (J=compiled Java code, j=interpreted, Vv=VM code, C=native code)
C  [ntdll.dll+0x55668]
C  [ntdll.dll+0x534ca]
C  [ole32.dll+0x40180]
C  [ole32.dll+0x4164b]
C  [ole32.dll+0x456e4]
C  [ole32.dll+0x409d8]
C  [shell32.dll+0x8741f]
C  [shell32.dll+0x8723e]
C  [shell32.dll+0x85df6]
C  [shell32.dll+0x85d46]
C  [shell32.dll+0x8a5a0]
C  [shell32.dll+0x8a600]
C  [awt.dll+0x1375d7]
j  sun.awt.shell.Win32ShellFolder2.<init>(I)V+3
j  sun.awt.shell.Win32ShellFolderManager2.getNetwork()Lsun/awt/shell/Win32ShellFolder2;+12
j  sun.awt.shell.Win32ShellFolder2.getFileSystemPath(JJ)Ljava/lang/String;+5
j  sun.awt.shell.Win32ShellFolder2.getChildByPath(Ljava/lang/String;)Lsun/awt/shell/Win32ShellFolder2;+47
j  sun.awt.shell.Win32ShellFolderManager2.getPersonal()Lsun/awt/shell/Win32ShellFolder2;+21
j  sun.awt.shell.Win32ShellFolder2.listFiles(Z)[Ljava/io/File;+34
j  sun.awt.shell.ShellFolder.listFiles()[Ljava/io/File;+2
j  sun.awt.shell.Win32ShellFolderManager2.get(Ljava/lang/String;)Ljava/lang/Object;+115
j  sun.awt.shell.ShellFolder.get(Ljava/lang/String;)Ljava/lang/Object;+4
j  com.sun.java.swing.plaf.windows.WindowsFileChooserUI.updateUseShellFolder()V+55
j  com.sun.java.swing.plaf.windows.WindowsFileChooserUI.installComponents(Ljavax/swing/JFileChooser;)V+67
j  javax.swing.plaf.basic.BasicFileChooserUI.installUI(Ljavax/swing/JComponent;)V+47
j  com.sun.java.swing.plaf.windows.WindowsFileChooserUI.installUI(Ljavax/swing/JComponent;)V+2
j  javax.swing.JComponent.setUI(Ljavax/swing/plaf/ComponentUI;)V+135
j  javax.swing.JFileChooser.updateUI()V+40
j  javax.swing.JFileChooser.setup(Ljavax/swing/filechooser/FileSystemView;)V+18
j  javax.swing.JFileChooser.<init>(Ljava/io/File;Ljavax/swing/filechooser/FileSystemView;)V+133
j  javax.swing.JFileChooser.<init>()V+9
j  SendImage$recv.<init>(LSendImage;)V+22
j  SendImage.run()V+5
j  java.lang.Thread.run()V+11
v  ~StubRoutines::call_stub

Java frames: (J=compiled Java code, j=interpreted, Vv=VM code)
j  sun.awt.shell.Win32ShellFolder2.getFileSystemPath(I)Ljava/lang/String;+0
j  sun.awt.shell.Win32ShellFolder2.<init>(I)V+3
j  sun.awt.shell.Win32ShellFolderManager2.getNetwork()Lsun/awt/shell/Win32ShellFolder2;+12
j  sun.awt.shell.Win32ShellFolder2.getFileSystemPath(JJ)Ljava/lang/String;+5
j  sun.awt.shell.Win32ShellFolder2.getChildByPath(Ljava/lang/String;)Lsun/awt/shell/Win32ShellFolder2;+47
j  sun.awt.shell.Win32ShellFolderManager2.getPersonal()Lsun/awt/shell/Win32ShellFolder2;+21
j  sun.awt.shell.Win32ShellFolder2.listFiles(Z)[Ljava/io/File;+34
j  sun.awt.shell.ShellFolder.listFiles()[Ljava/io/File;+2
j  sun.awt.shell.Win32ShellFolderManager2.get(Ljava/lang/String;)Ljava/lang/Object;+115
j  sun.awt.shell.ShellFolder.get(Ljava/lang/String;)Ljava/lang/Object;+4
j  com.sun.java.swing.plaf.windows.WindowsFileChooserUI.updateUseShellFolder()V+55
j  com.sun.java.swing.plaf.windows.WindowsFileChooserUI.installComponents(Ljavax/swing/JFileChooser;)V+67
j  javax.swing.plaf.basic.BasicFileChooserUI.installUI(Ljavax/swing/JComponent;)V+47
j  com.sun.java.swing.plaf.windows.WindowsFileChooserUI.installUI(Ljavax/swing/JComponent;)V+2
j  javax.swing.JComponent.setUI(Ljavax/swing/plaf/ComponentUI;)V+135
j  javax.swing.JFileChooser.updateUI()V+40
j  javax.swing.JFileChooser.setup(Ljavax/swing/filechooser/FileSystemView;)V+18
j  javax.swing.JFileChooser.<init>(Ljava/io/File;Ljavax/swing/filechooser/FileSystemView;)V+133
j  javax.swing.JFileChooser.<init>()V+9
j  SendImage$recv.<init>(LSendImage;)V+22
j  SendImage.run()V+5
j  java.lang.Thread.run()V+11
v  ~StubRoutines::call_stub

---------------  P R O C E S S  ---------------

Java Threads: ( => current thread )
  0x0462f800 JavaThread "Image Fetcher 0" daemon [_thread_blocked, id=7528]
=>0x0462f400 JavaThread "Thread-2" [_thread_in_native, id=2228]
  0x0466d800 JavaThread "TimerQueue" daemon [_thread_blocked, id=6004]
  0x01257000 JavaThread "DestroyJavaVM" [_thread_blocked, id=5064]
  0x0196b400 JavaThread "AWT-EventQueue-0" [_thread_in_native, id=7468]
  0x01908000 JavaThread "AWT-Windows" daemon [_thread_in_native, id=7124]
  0x01905c00 JavaThread "AWT-Shutdown" [_thread_blocked, id=4776]
  0x01905400 JavaThread "Java2D Disposer" daemon [_thread_blocked, id=7592]
  0x018c1800 JavaThread "Low Memory Detector" daemon [_thread_blocked, id=4644]
  0x018c0c00 JavaThread "CompilerThread0" daemon [_thread_blocked, id=1512]
  0x018c0400 JavaThread "Attach Listener" daemon [_thread_blocked, id=6252]
  0x018c0000 JavaThread "Signal Dispatcher" daemon [_thread_blocked, id=3884]
  0x018bb400 JavaThread "Finalizer" daemon [_thread_blocked, id=7048]
  0x018af400 JavaThread "Reference Handler" daemon [_thread_blocked, id=7988]

Other Threads:
  0x018a6000 VMThread [id=6336]
  0x018c2c00 WatcherThread [id=6740]

VM state:not at safepoint (normal execution)

VM Mutex/Monitor currently owned by a thread: None

Heap
 def new generation   total 960K, used 730K [0x23ad0000, 0x23bd0000, 0x23fb0000)
  eden space 896K,  81% used [0x23ad0000, 0x23b86a08, 0x23bb0000)
  from space 64K,   0% used [0x23bc0000, 0x23bc0000, 0x23bd0000)
  to   space 64K,   0% used [0x23bb0000, 0x23bb0000, 0x23bc0000)
 tenured generation   total 4096K, used 3082K [0x23fb0000, 0x243b0000, 0x27ad0000)
   the space 4096K,  75% used [0x23fb0000, 0x242b28f8, 0x242b2a00, 0x243b0000)
 compacting perm gen  total 12288K, used 647K [0x27ad0000, 0x286d0000, 0x2bad0000)
   the space 12288K,   5% used [0x27ad0000, 0x27b71ec8, 0x27b72000, 0x286d0000)
    ro space 8192K,  62% used [0x2bad0000, 0x2bfcb9f8, 0x2bfcba00, 0x2c2d0000)
    rw space 12288K,  52% used [0x2c2d0000, 0x2c90e348, 0x2c90e400, 0x2ced0000)

Dynamic libraries:
0x00400000 - 0x00423000 	C:\Program Files\Java\jre1.6.0\bin\javaw.exe
0x77b10000 - 0x77c4c000 	C:\Windows\SYSTEM32\ntdll.dll
0x643a0000 - 0x643b0000 	C:\Program Files\AVAST Software\Avast\aswhook.dll
0x75f60000 - 0x76034000 	C:\Windows\system32\kernel32.dll
0x75e30000 - 0x75e7a000 	C:\Windows\system32\KERNELBASE.dll
0x77240000 - 0x772e0000 	C:\Windows\system32\ADVAPI32.dll
0x77770000 - 0x7781c000 	C:\Windows\system32\msvcrt.dll
0x77080000 - 0x77099000 	C:\Windows\SYSTEM32\sechost.dll
0x77870000 - 0x77911000 	C:\Windows\system32\RPCRT4.dll
0x776a0000 - 0x77769000 	C:\Windows\system32\USER32.dll
0x77820000 - 0x7786e000 	C:\Windows\system32\GDI32.dll
0x77c60000 - 0x77c6a000 	C:\Windows\system32\LPK.dll
0x76fe0000 - 0x7707d000 	C:\Windows\system32\USP10.dll
0x76fc0000 - 0x76fdf000 	C:\Windows\system32\IMM32.DLL
0x772e0000 - 0x773ac000 	C:\Windows\system32\MSCTF.dll
0x7c340000 - 0x7c396000 	C:\Program Files\Java\jre1.6.0\bin\msvcr71.dll
0x6d7c0000 - 0x6da07000 	C:\Program Files\Java\jre1.6.0\bin\client\jvm.dll
0x74160000 - 0x74192000 	C:\Windows\system32\WINMM.dll
0x75b60000 - 0x75bab000 	C:\Windows\system32\apphelp.dll
0x6d310000 - 0x6d318000 	C:\Program Files\Java\jre1.6.0\bin\hpi.dll
0x773b0000 - 0x773b5000 	C:\Windows\system32\PSAPI.DLL
0x6d770000 - 0x6d77c000 	C:\Program Files\Java\jre1.6.0\bin\verify.dll
0x6d3b0000 - 0x6d3cf000 	C:\Program Files\Java\jre1.6.0\bin\java.dll
0x6d7b0000 - 0x6d7bf000 	C:\Program Files\Java\jre1.6.0\bin\zip.dll
0x6d000000 - 0x6d1c3000 	C:\Program Files\Java\jre1.6.0\bin\awt.dll
0x6ec20000 - 0x6ec71000 	C:\Windows\system32\WINSPOOL.DRV
0x779b0000 - 0x77b0c000 	C:\Windows\system32\ole32.dll
0x74940000 - 0x74980000 	C:\Windows\system32\uxtheme.dll
0x6d2b0000 - 0x6d303000 	C:\Program Files\Java\jre1.6.0\bin\fontmanager.dll
0x740c0000 - 0x740d3000 	C:\Windows\system32\dwmapi.dll
0x75be0000 - 0x75bec000 	C:\Windows\system32\CRYPTBASE.dll
0x76040000 - 0x76c89000 	C:\Windows\system32\shell32.dll
0x76c90000 - 0x76ce7000 	C:\Windows\system32\SHLWAPI.dll
0x6d570000 - 0x6d583000 	C:\Program Files\Java\jre1.6.0\bin\net.dll
0x76f80000 - 0x76fb5000 	C:\Windows\system32\WS2_32.dll
0x773c0000 - 0x773c6000 	C:\Windows\system32\NSI.dll
0x756a0000 - 0x756dc000 	C:\Windows\system32\mswsock.dll
0x75690000 - 0x75696000 	C:\Windows\System32\wship6.dll
0x6d590000 - 0x6d599000 	C:\Program Files\Java\jre1.6.0\bin\nio.dll
0x76ef0000 - 0x76f73000 	C:\Windows\system32\CLBCatQ.DLL
0x77920000 - 0x779af000 	C:\Windows\system32\OLEAUT32.dll
0x75eb0000 - 0x75f34000 	C:\Windows\WinSxS\x86_microsoft.windows.common-controls_6595b64144ccf1df_5.82.7600.16385_none_ebf82fc36c758ad5\comctl32.dll
0x749a0000 - 0x74b3e000 	C:\Windows\WinSxS\x86_microsoft.windows.common-controls_6595b64144ccf1df_6.0.7600.16385_none_421189da2b7fabfc\comctl32.dll
0x74b40000 - 0x74c35000 	C:\Windows\system32\propsys.dll
0x770a0000 - 0x7723d000 	C:\Windows\system32\SETUPAPI.dll
0x75e80000 - 0x75ea7000 	C:\Windows\system32\CFGMGR32.dll
0x75f40000 - 0x75f52000 	C:\Windows\system32\DEVOBJ.dll
0x704c0000 - 0x704e1000 	C:\Windows\system32\ntmarta.dll
0x77c70000 - 0x77cb5000 	C:\Windows\system32\WLDAP32.dll

VM Arguments:
jvm_args: -Dfile.encoding=Cp1252
java_command: Login
Launcher Type: SUN_STANDARD

Environment Variables:
JAVA_HOME=C:\Program Files\Java
PATH=C:/Program Files/Java/jre1.6.0/bin/client;C:/Program Files/Java/jre1.6.0/bin;C:\Program Files\Intel\iCLS Client\;C:\Windows\system32;C:\Windows;C:\Windows\System32\Wbem;C:\Windows\System32\WindowsPowerShell\v1.0\;C:\Program Files\Intel\Intel(R) Management Engine Components\DAL;C:\Program Files\Intel\Intel(R) Management Engine Components\IPT;C:\Program Files\Java\jdk1.6.0\bin
USERNAME=TMKS
OS=Windows_NT
PROCESSOR_IDENTIFIER=x86 Family 6 Model 58 Stepping 9, GenuineIntel



---------------  S Y S T E M  ---------------

OS: Windows NT 6.1 Build 7600 

CPU:total 4 family 6, cmov, cx8, fxsr, mmx, sse, sse2

Memory: 4k page, physical 2097151k(879960k free), swap 4194303k(4194303k free)

vm_info: Java HotSpot(TM) Client VM (1.6.0-rc-b104) for windows-x86, built on Nov  1 2006 00:43:22 by "java_re" with unknown MS VC++:1310

